<?xml version="1.0" encoding="UTF-8"?>
<!-- Generated by org.testng.reporters.JUnitXMLReporter -->
<testsuite ignored="0" hostname="DESKTOP-T55GMK3" failures="0" tests="7" name="Web Automation Test" time="80.033" errors="0" timestamp="2023-08-20T17:36:21 IST">
  <testcase classname="testscenarios.Scenario1" name="VerifyTier1Category" time="2.484"/>
  <testcase classname="testscenarios.Scenario1" name="VerifyTier2Category" time="0.134"/>
  <testcase classname="testscenarios.Scenario1" name="VerifyTier3Category" time="0.084"/>
  <testcase classname="testscenarios.Scenario2" name="Verify2BrowsingHistory" time="0.031"/>
  <testcase classname="testscenarios.Scenario2" name="VerifyLatestHistory1" time="10.065"/>
  <testcase classname="testscenarios.Scenario2" name="VerifySearchConditions" time="8.569"/>
  <testcase classname="testscenarios.Scenario2" name="Verify3BrowsingHistory" time="25.404"/>
</testsuite> <!-- Web Automation Test -->
