<?xml version="1.0" encoding="UTF-8"?>
<!-- Generated by org.testng.reporters.JUnitXMLReporter -->
<testsuite ignored="0" hostname="DESKTOP-T55GMK3" failures="0" tests="7" name="Web Automation Test" time="81.125" errors="0" timestamp="2023-08-21T19:05:55 IST">
  <testcase classname="testscenarios.Scenario1" name="VerifyTier1Category" time="2.651"/>
  <testcase classname="testscenarios.Scenario1" name="VerifyTier2Category" time="0.121"/>
  <testcase classname="testscenarios.Scenario1" name="VerifyTier3Category" time="0.091"/>
  <testcase classname="testscenarios.Scenario2" name="Verify2BrowsingHistory" time="0.04"/>
  <testcase classname="testscenarios.Scenario2" name="VerifyLatestHistory1" time="10.057"/>
  <testcase classname="testscenarios.Scenario2" name="VerifySearchConditions" time="8.563"/>
  <testcase classname="testscenarios.Scenario2" name="Verify3BrowsingHistory" time="25.196"/>
</testsuite> <!-- Web Automation Test -->
