<?xml version="1.0" encoding="UTF-8"?>
<!-- Generated by org.testng.reporters.JUnitXMLReporter -->
<testsuite ignored="0" hostname="DESKTOP-T55GMK3" failures="0" tests="7" name="Mercari Automation Test" time="98.335" errors="0" timestamp="2023-08-20T16:28:01 IST">
  <testcase classname="mercaritestscenarios.Scenario1" name="VerifyTier1Category" time="6.162"/>
  <testcase classname="mercaritestscenarios.Scenario1" name="VerifyTier2Category" time="0.13"/>
  <testcase classname="mercaritestscenarios.Scenario1" name="VerifyTier3Category" time="0.078"/>
  <testcase classname="mercaritestscenarios.Scenario2" name="Verify2BrowsingHistory" time="0.024"/>
  <testcase classname="mercaritestscenarios.Scenario2" name="VerifyLatestHistory1" time="10.073"/>
  <testcase classname="mercaritestscenarios.Scenario2" name="VerifySearchConditions" time="8.559"/>
  <testcase classname="mercaritestscenarios.Scenario2" name="Verify3BrowsingHistory" time="25.291"/>
</testsuite> <!-- Mercari Automation Test -->
