<?xml version="1.0" encoding="UTF-8"?>
<!-- Generated by org.testng.reporters.JUnitXMLReporter -->
<testsuite ignored="0" hostname="DESKTOP-T55GMK3" failures="0" tests="7" name="Mercari Web Automation Test" time="89.027" errors="0" timestamp="2023-08-20T17:06:30 IST">
  <testcase classname="mercaritestscenarios.Scenario1" name="VerifyTier1Category" time="6.439"/>
  <testcase classname="mercaritestscenarios.Scenario1" name="VerifyTier2Category" time="0.094"/>
  <testcase classname="mercaritestscenarios.Scenario1" name="VerifyTier3Category" time="0.081"/>
  <testcase classname="mercaritestscenarios.Scenario2" name="Verify2BrowsingHistory" time="0.037"/>
  <testcase classname="mercaritestscenarios.Scenario2" name="VerifyLatestHistory1" time="10.08"/>
  <testcase classname="mercaritestscenarios.Scenario2" name="VerifySearchConditions" time="8.839"/>
  <testcase classname="mercaritestscenarios.Scenario2" name="Verify3BrowsingHistory" time="25.759"/>
</testsuite> <!-- Mercari Web Automation Test -->
